2021-04-25 16:41:14 [main] INFO  c.g.c.CurriculumArrangementSystemSpringbootApplication - Starting CurriculumArrangementSystemSpringbootApplication on DESKTOP-89D0D5U with PID 14384 (C:\Users\22413\IdeaProjects\curriculum_arrangement_system_springboot\target\classes started by 22413 in C:\Users\22413\IdeaProjects\curriculum_arrangement_system_springboot)
2021-04-25 16:41:14 [main] INFO  c.g.c.CurriculumArrangementSystemSpringbootApplication - No active profile set, falling back to default profiles: default
2021-04-25 16:41:15 [main] INFO  o.s.c.s.PostProcessorRegistrationDelegate$BeanPostProcessorChecker - Bean 'shiroConfig' of type [com.gyf.shiro.ShiroConfig$$EnhancerBySpringCGLIB$$9569a475] is not eligible for getting processed by all BeanPostProcessors (for example: not eligible for auto-proxying)
2021-04-25 16:41:15 [main] INFO  o.s.c.s.PostProcessorRegistrationDelegate$BeanPostProcessorChecker - Bean 'hashedCredentialsMatcher' of type [org.apache.shiro.authc.credential.HashedCredentialsMatcher] is not eligible for getting processed by all BeanPostProcessors (for example: not eligible for auto-proxying)
2021-04-25 16:41:16 [main] INFO  o.s.c.s.PostProcessorRegistrationDelegate$BeanPostProcessorChecker - Bean 'mybatis-plus-com.baomidou.mybatisplus.autoconfigure.MybatisPlusProperties' of type [com.baomidou.mybatisplus.autoconfigure.MybatisPlusProperties] is not eligible for getting processed by all BeanPostProcessors (for example: not eligible for auto-proxying)
2021-04-25 16:41:16 [main] INFO  o.s.c.s.PostProcessorRegistrationDelegate$BeanPostProcessorChecker - Bean 'com.baomidou.mybatisplus.autoconfigure.MybatisPlusAutoConfiguration' of type [com.baomidou.mybatisplus.autoconfigure.MybatisPlusAutoConfiguration$$EnhancerBySpringCGLIB$$3642413b] is not eligible for getting processed by all BeanPostProcessors (for example: not eligible for auto-proxying)
2021-04-25 16:41:16 [main] INFO  o.s.c.s.PostProcessorRegistrationDelegate$BeanPostProcessorChecker - Bean 'org.springframework.boot.autoconfigure.jdbc.DataSourceConfiguration$Hikari' of type [org.springframework.boot.autoconfigure.jdbc.DataSourceConfiguration$Hikari] is not eligible for getting processed by all BeanPostProcessors (for example: not eligible for auto-proxying)
2021-04-25 16:41:16 [main] INFO  o.s.c.s.PostProcessorRegistrationDelegate$BeanPostProcessorChecker - Bean 'spring.datasource-org.springframework.boot.autoconfigure.jdbc.DataSourceProperties' of type [org.springframework.boot.autoconfigure.jdbc.DataSourceProperties] is not eligible for getting processed by all BeanPostProcessors (for example: not eligible for auto-proxying)
2021-04-25 16:41:16 [main] INFO  o.s.c.s.PostProcessorRegistrationDelegate$BeanPostProcessorChecker - Bean 'dataSource' of type [com.zaxxer.hikari.HikariDataSource] is not eligible for getting processed by all BeanPostProcessors (for example: not eligible for auto-proxying)
2021-04-25 16:41:16 [main] INFO  o.s.c.s.PostProcessorRegistrationDelegate$BeanPostProcessorChecker - Bean 'org.springframework.boot.autoconfigure.jdbc.DataSourceInitializerInvoker' of type [org.springframework.boot.autoconfigure.jdbc.DataSourceInitializerInvoker] is not eligible for getting processed by all BeanPostProcessors (for example: not eligible for auto-proxying)
2021-04-25 16:41:16 [main] INFO  o.s.c.s.PostProcessorRegistrationDelegate$BeanPostProcessorChecker - Bean 'sqlSessionFactory' of type [org.apache.ibatis.session.defaults.DefaultSqlSessionFactory] is not eligible for getting processed by all BeanPostProcessors (for example: not eligible for auto-proxying)
2021-04-25 16:41:16 [main] INFO  o.s.c.s.PostProcessorRegistrationDelegate$BeanPostProcessorChecker - Bean 'sqlSessionTemplate' of type [org.mybatis.spring.SqlSessionTemplate] is not eligible for getting processed by all BeanPostProcessors (for example: not eligible for auto-proxying)
2021-04-25 16:41:16 [main] INFO  o.s.c.s.PostProcessorRegistrationDelegate$BeanPostProcessorChecker - Bean 'adminMapper' of type [org.mybatis.spring.mapper.MapperFactoryBean] is not eligible for getting processed by all BeanPostProcessors (for example: not eligible for auto-proxying)
2021-04-25 16:41:16 [main] INFO  o.s.c.s.PostProcessorRegistrationDelegate$BeanPostProcessorChecker - Bean 'adminMapper' of type [com.sun.proxy.$Proxy51] is not eligible for getting processed by all BeanPostProcessors (for example: not eligible for auto-proxying)
2021-04-25 16:41:16 [main] INFO  o.s.c.s.PostProcessorRegistrationDelegate$BeanPostProcessorChecker - Bean 'adminServcieImpl' of type [com.gyf.service.Impl.AdminServcieImpl] is not eligible for getting processed by all BeanPostProcessors (for example: not eligible for auto-proxying)
2021-04-25 16:41:16 [main] INFO  o.s.c.s.PostProcessorRegistrationDelegate$BeanPostProcessorChecker - Bean 'myShiroRealm' of type [com.gyf.shiro.ShiroRealm] is not eligible for getting processed by all BeanPostProcessors (for example: not eligible for auto-proxying)
2021-04-25 16:41:16 [main] INFO  o.s.c.s.PostProcessorRegistrationDelegate$BeanPostProcessorChecker - Bean 'securityManager' of type [org.apache.shiro.web.mgt.DefaultWebSecurityManager] is not eligible for getting processed by all BeanPostProcessors (for example: not eligible for auto-proxying)
2021-04-25 16:41:16 [main] INFO  o.s.boot.web.embedded.tomcat.TomcatWebServer - Tomcat initialized with port(s): 80 (http)
2021-04-25 16:41:16 [main] INFO  org.apache.coyote.http11.Http11NioProtocol - Initializing ProtocolHandler ["http-nio-80"]
2021-04-25 16:41:16 [main] INFO  org.apache.catalina.core.StandardService - Starting service [Tomcat]
2021-04-25 16:41:16 [main] INFO  org.apache.catalina.core.StandardEngine - Starting Servlet engine: [Apache Tomcat/9.0.41]
2021-04-25 16:41:16 [main] INFO  org.apache.catalina.core.AprLifecycleListener - Loaded Apache Tomcat Native library [1.2.23] using APR version [1.7.0].
2021-04-25 16:41:16 [main] INFO  org.apache.catalina.core.AprLifecycleListener - APR capabilities: IPv6 [true], sendfile [true], accept filters [false], random [true].
2021-04-25 16:41:16 [main] INFO  org.apache.catalina.core.AprLifecycleListener - APR/OpenSSL configuration: useAprConnector [false], useOpenSSL [true]
2021-04-25 16:41:16 [main] INFO  org.apache.catalina.core.AprLifecycleListener - OpenSSL successfully initialized [OpenSSL 1.1.1c  28 May 2019]
2021-04-25 16:41:17 [main] INFO  o.a.c.core.ContainerBase.[Tomcat].[localhost].[/] - Initializing Spring embedded WebApplicationContext
2021-04-25 16:41:17 [main] INFO  o.s.b.w.s.c.ServletWebServerApplicationContext - Root WebApplicationContext: initialization completed in 2302 ms
2021-04-25 16:41:17 [main] INFO  o.s.scheduling.concurrent.ThreadPoolTaskExecutor - Initializing ExecutorService 'applicationTaskExecutor'
2021-04-25 16:41:17 [main] INFO  org.apache.coyote.http11.Http11NioProtocol - Starting ProtocolHandler ["http-nio-80"]
2021-04-25 16:41:17 [main] INFO  o.s.boot.web.embedded.tomcat.TomcatWebServer - Tomcat started on port(s): 80 (http) with context path ''
2021-04-25 16:41:17 [main] INFO  c.g.c.CurriculumArrangementSystemSpringbootApplication - Started CurriculumArrangementSystemSpringbootApplication in 3.411 seconds (JVM running for 4.556)
2021-04-25 16:42:59 [http-nio-80-exec-1] INFO  o.a.c.core.ContainerBase.[Tomcat].[localhost].[/] - Initializing Spring DispatcherServlet 'dispatcherServlet'
2021-04-25 16:42:59 [http-nio-80-exec-1] INFO  org.springframework.web.servlet.DispatcherServlet - Initializing Servlet 'dispatcherServlet'
2021-04-25 16:42:59 [http-nio-80-exec-1] INFO  org.springframework.web.servlet.DispatcherServlet - Completed initialization in 4 ms
2021-04-25 16:43:03 [http-nio-80-exec-7] INFO  com.zaxxer.hikari.HikariDataSource - HikariPool-1 - Starting...
2021-04-25 16:43:07 [http-nio-80-exec-7] INFO  com.zaxxer.hikari.HikariDataSource - HikariPool-1 - Start completed.
2021-04-25 18:04:08 [main] INFO  c.g.c.CurriculumArrangementSystemSpringbootApplication - Starting CurriculumArrangementSystemSpringbootApplication on DESKTOP-89D0D5U with PID 2096 (C:\Users\22413\IdeaProjects\curriculum_arrangement_system_springboot\target\classes started by 22413 in C:\Users\22413\IdeaProjects\curriculum_arrangement_system_springboot)
2021-04-25 18:04:08 [main] INFO  c.g.c.CurriculumArrangementSystemSpringbootApplication - No active profile set, falling back to default profiles: default
2021-04-25 18:04:09 [main] INFO  o.s.c.s.PostProcessorRegistrationDelegate$BeanPostProcessorChecker - Bean 'shiroConfig' of type [com.gyf.shiro.ShiroConfig$$EnhancerBySpringCGLIB$$50d5edc3] is not eligible for getting processed by all BeanPostProcessors (for example: not eligible for auto-proxying)
2021-04-25 18:04:09 [main] INFO  o.s.c.s.PostProcessorRegistrationDelegate$BeanPostProcessorChecker - Bean 'hashedCredentialsMatcher' of type [org.apache.shiro.authc.credential.HashedCredentialsMatcher] is not eligible for getting processed by all BeanPostProcessors (for example: not eligible for auto-proxying)
2021-04-25 18:04:09 [main] INFO  o.s.c.s.PostProcessorRegistrationDelegate$BeanPostProcessorChecker - Bean 'mybatis-plus-com.baomidou.mybatisplus.autoconfigure.MybatisPlusProperties' of type [com.baomidou.mybatisplus.autoconfigure.MybatisPlusProperties] is not eligible for getting processed by all BeanPostProcessors (for example: not eligible for auto-proxying)
2021-04-25 18:04:09 [main] INFO  o.s.c.s.PostProcessorRegistrationDelegate$BeanPostProcessorChecker - Bean 'com.baomidou.mybatisplus.autoconfigure.MybatisPlusAutoConfiguration' of type [com.baomidou.mybatisplus.autoconfigure.MybatisPlusAutoConfiguration$$EnhancerBySpringCGLIB$$f1ae8a89] is not eligible for getting processed by all BeanPostProcessors (for example: not eligible for auto-proxying)
2021-04-25 18:04:09 [main] INFO  o.s.c.s.PostProcessorRegistrationDelegate$BeanPostProcessorChecker - Bean 'org.springframework.boot.autoconfigure.jdbc.DataSourceConfiguration$Hikari' of type [org.springframework.boot.autoconfigure.jdbc.DataSourceConfiguration$Hikari] is not eligible for getting processed by all BeanPostProcessors (for example: not eligible for auto-proxying)
2021-04-25 18:04:09 [main] INFO  o.s.c.s.PostProcessorRegistrationDelegate$BeanPostProcessorChecker - Bean 'spring.datasource-org.springframework.boot.autoconfigure.jdbc.DataSourceProperties' of type [org.springframework.boot.autoconfigure.jdbc.DataSourceProperties] is not eligible for getting processed by all BeanPostProcessors (for example: not eligible for auto-proxying)
2021-04-25 18:04:09 [main] INFO  o.s.c.s.PostProcessorRegistrationDelegate$BeanPostProcessorChecker - Bean 'dataSource' of type [com.zaxxer.hikari.HikariDataSource] is not eligible for getting processed by all BeanPostProcessors (for example: not eligible for auto-proxying)
2021-04-25 18:04:09 [main] INFO  o.s.c.s.PostProcessorRegistrationDelegate$BeanPostProcessorChecker - Bean 'org.springframework.boot.autoconfigure.jdbc.DataSourceInitializerInvoker' of type [org.springframework.boot.autoconfigure.jdbc.DataSourceInitializerInvoker] is not eligible for getting processed by all BeanPostProcessors (for example: not eligible for auto-proxying)
2021-04-25 18:04:10 [main] INFO  o.s.c.s.PostProcessorRegistrationDelegate$BeanPostProcessorChecker - Bean 'sqlSessionFactory' of type [org.apache.ibatis.session.defaults.DefaultSqlSessionFactory] is not eligible for getting processed by all BeanPostProcessors (for example: not eligible for auto-proxying)
2021-04-25 18:04:10 [main] INFO  o.s.c.s.PostProcessorRegistrationDelegate$BeanPostProcessorChecker - Bean 'sqlSessionTemplate' of type [org.mybatis.spring.SqlSessionTemplate] is not eligible for getting processed by all BeanPostProcessors (for example: not eligible for auto-proxying)
2021-04-25 18:04:10 [main] INFO  o.s.c.s.PostProcessorRegistrationDelegate$BeanPostProcessorChecker - Bean 'adminMapper' of type [org.mybatis.spring.mapper.MapperFactoryBean] is not eligible for getting processed by all BeanPostProcessors (for example: not eligible for auto-proxying)
2021-04-25 18:04:10 [main] INFO  o.s.c.s.PostProcessorRegistrationDelegate$BeanPostProcessorChecker - Bean 'adminMapper' of type [com.sun.proxy.$Proxy51] is not eligible for getting processed by all BeanPostProcessors (for example: not eligible for auto-proxying)
2021-04-25 18:04:10 [main] INFO  o.s.c.s.PostProcessorRegistrationDelegate$BeanPostProcessorChecker - Bean 'adminServcieImpl' of type [com.gyf.service.Impl.AdminServcieImpl] is not eligible for getting processed by all BeanPostProcessors (for example: not eligible for auto-proxying)
2021-04-25 18:04:10 [main] INFO  o.s.c.s.PostProcessorRegistrationDelegate$BeanPostProcessorChecker - Bean 'myShiroRealm' of type [com.gyf.shiro.ShiroRealm] is not eligible for getting processed by all BeanPostProcessors (for example: not eligible for auto-proxying)
2021-04-25 18:04:10 [main] INFO  o.s.c.s.PostProcessorRegistrationDelegate$BeanPostProcessorChecker - Bean 'securityManager' of type [org.apache.shiro.web.mgt.DefaultWebSecurityManager] is not eligible for getting processed by all BeanPostProcessors (for example: not eligible for auto-proxying)
2021-04-25 18:04:10 [main] INFO  o.s.boot.web.embedded.tomcat.TomcatWebServer - Tomcat initialized with port(s): 80 (http)
2021-04-25 18:04:10 [main] INFO  org.apache.coyote.http11.Http11NioProtocol - Initializing ProtocolHandler ["http-nio-80"]
2021-04-25 18:04:10 [main] INFO  org.apache.catalina.core.StandardService - Starting service [Tomcat]
2021-04-25 18:04:10 [main] INFO  org.apache.catalina.core.StandardEngine - Starting Servlet engine: [Apache Tomcat/9.0.41]
2021-04-25 18:04:10 [main] INFO  org.apache.catalina.core.AprLifecycleListener - Loaded Apache Tomcat Native library [1.2.23] using APR version [1.7.0].
2021-04-25 18:04:10 [main] INFO  org.apache.catalina.core.AprLifecycleListener - APR capabilities: IPv6 [true], sendfile [true], accept filters [false], random [true].
2021-04-25 18:04:10 [main] INFO  org.apache.catalina.core.AprLifecycleListener - APR/OpenSSL configuration: useAprConnector [false], useOpenSSL [true]
2021-04-25 18:04:10 [main] INFO  org.apache.catalina.core.AprLifecycleListener - OpenSSL successfully initialized [OpenSSL 1.1.1c  28 May 2019]
2021-04-25 18:04:10 [main] INFO  o.a.c.core.ContainerBase.[Tomcat].[localhost].[/] - Initializing Spring embedded WebApplicationContext
2021-04-25 18:04:10 [main] INFO  o.s.b.w.s.c.ServletWebServerApplicationContext - Root WebApplicationContext: initialization completed in 1643 ms
2021-04-25 18:04:10 [main] INFO  o.s.scheduling.concurrent.ThreadPoolTaskExecutor - Initializing ExecutorService 'applicationTaskExecutor'
2021-04-25 18:04:10 [main] INFO  org.apache.coyote.http11.Http11NioProtocol - Starting ProtocolHandler ["http-nio-80"]
2021-04-25 18:04:11 [main] INFO  o.s.boot.web.embedded.tomcat.TomcatWebServer - Tomcat started on port(s): 80 (http) with context path ''
2021-04-25 18:04:11 [main] INFO  c.g.c.CurriculumArrangementSystemSpringbootApplication - Started CurriculumArrangementSystemSpringbootApplication in 2.9 seconds (JVM running for 3.951)
2021-04-25 18:04:59 [http-nio-80-exec-1] INFO  o.a.c.core.ContainerBase.[Tomcat].[localhost].[/] - Initializing Spring DispatcherServlet 'dispatcherServlet'
2021-04-25 18:04:59 [http-nio-80-exec-1] INFO  org.springframework.web.servlet.DispatcherServlet - Initializing Servlet 'dispatcherServlet'
2021-04-25 18:04:59 [http-nio-80-exec-1] INFO  org.springframework.web.servlet.DispatcherServlet - Completed initialization in 4 ms
2021-04-25 18:05:03 [http-nio-80-exec-3] INFO  com.zaxxer.hikari.HikariDataSource - HikariPool-1 - Starting...
2021-04-25 18:05:04 [http-nio-80-exec-3] INFO  com.zaxxer.hikari.HikariDataSource - HikariPool-1 - Start completed.
2021-04-25 18:07:31 [main] INFO  c.g.c.CurriculumArrangementSystemSpringbootApplication - Starting CurriculumArrangementSystemSpringbootApplication on DESKTOP-89D0D5U with PID 14680 (C:\Users\22413\IdeaProjects\curriculum_arrangement_system_springboot\target\classes started by 22413 in C:\Users\22413\IdeaProjects\curriculum_arrangement_system_springboot)
2021-04-25 18:07:31 [main] INFO  c.g.c.CurriculumArrangementSystemSpringbootApplication - No active profile set, falling back to default profiles: default
2021-04-25 18:07:32 [main] INFO  o.s.c.s.PostProcessorRegistrationDelegate$BeanPostProcessorChecker - Bean 'shiroConfig' of type [com.gyf.shiro.ShiroConfig$$EnhancerBySpringCGLIB$$a97064c5] is not eligible for getting processed by all BeanPostProcessors (for example: not eligible for auto-proxying)
2021-04-25 18:07:32 [main] INFO  o.s.c.s.PostProcessorRegistrationDelegate$BeanPostProcessorChecker - Bean 'hashedCredentialsMatcher' of type [org.apache.shiro.authc.credential.HashedCredentialsMatcher] is not eligible for getting processed by all BeanPostProcessors (for example: not eligible for auto-proxying)
2021-04-25 18:07:33 [main] INFO  o.s.c.s.PostProcessorRegistrationDelegate$BeanPostProcessorChecker - Bean 'mybatis-plus-com.baomidou.mybatisplus.autoconfigure.MybatisPlusProperties' of type [com.baomidou.mybatisplus.autoconfigure.MybatisPlusProperties] is not eligible for getting processed by all BeanPostProcessors (for example: not eligible for auto-proxying)
2021-04-25 18:07:33 [main] INFO  o.s.c.s.PostProcessorRegistrationDelegate$BeanPostProcessorChecker - Bean 'com.baomidou.mybatisplus.autoconfigure.MybatisPlusAutoConfiguration' of type [com.baomidou.mybatisplus.autoconfigure.MybatisPlusAutoConfiguration$$EnhancerBySpringCGLIB$$4a49018b] is not eligible for getting processed by all BeanPostProcessors (for example: not eligible for auto-proxying)
2021-04-25 18:07:33 [main] INFO  o.s.c.s.PostProcessorRegistrationDelegate$BeanPostProcessorChecker - Bean 'org.springframework.boot.autoconfigure.jdbc.DataSourceConfiguration$Hikari' of type [org.springframework.boot.autoconfigure.jdbc.DataSourceConfiguration$Hikari] is not eligible for getting processed by all BeanPostProcessors (for example: not eligible for auto-proxying)
2021-04-25 18:07:33 [main] INFO  o.s.c.s.PostProcessorRegistrationDelegate$BeanPostProcessorChecker - Bean 'spring.datasource-org.springframework.boot.autoconfigure.jdbc.DataSourceProperties' of type [org.springframework.boot.autoconfigure.jdbc.DataSourceProperties] is not eligible for getting processed by all BeanPostProcessors (for example: not eligible for auto-proxying)
2021-04-25 18:07:33 [main] INFO  o.s.c.s.PostProcessorRegistrationDelegate$BeanPostProcessorChecker - Bean 'dataSource' of type [com.zaxxer.hikari.HikariDataSource] is not eligible for getting processed by all BeanPostProcessors (for example: not eligible for auto-proxying)
2021-04-25 18:07:33 [main] INFO  o.s.c.s.PostProcessorRegistrationDelegate$BeanPostProcessorChecker - Bean 'org.springframework.boot.autoconfigure.jdbc.DataSourceInitializerInvoker' of type [org.springframework.boot.autoconfigure.jdbc.DataSourceInitializerInvoker] is not eligible for getting processed by all BeanPostProcessors (for example: not eligible for auto-proxying)
2021-04-25 18:07:33 [main] INFO  o.s.c.s.PostProcessorRegistrationDelegate$BeanPostProcessorChecker - Bean 'sqlSessionFactory' of type [org.apache.ibatis.session.defaults.DefaultSqlSessionFactory] is not eligible for getting processed by all BeanPostProcessors (for example: not eligible for auto-proxying)
2021-04-25 18:07:33 [main] INFO  o.s.c.s.PostProcessorRegistrationDelegate$BeanPostProcessorChecker - Bean 'sqlSessionTemplate' of type [org.mybatis.spring.SqlSessionTemplate] is not eligible for getting processed by all BeanPostProcessors (for example: not eligible for auto-proxying)
2021-04-25 18:07:33 [main] INFO  o.s.c.s.PostProcessorRegistrationDelegate$BeanPostProcessorChecker - Bean 'adminMapper' of type [org.mybatis.spring.mapper.MapperFactoryBean] is not eligible for getting processed by all BeanPostProcessors (for example: not eligible for auto-proxying)
2021-04-25 18:07:33 [main] INFO  o.s.c.s.PostProcessorRegistrationDelegate$BeanPostProcessorChecker - Bean 'adminMapper' of type [com.sun.proxy.$Proxy51] is not eligible for getting processed by all BeanPostProcessors (for example: not eligible for auto-proxying)
2021-04-25 18:07:33 [main] INFO  o.s.c.s.PostProcessorRegistrationDelegate$BeanPostProcessorChecker - Bean 'adminServcieImpl' of type [com.gyf.service.Impl.AdminServcieImpl] is not eligible for getting processed by all BeanPostProcessors (for example: not eligible for auto-proxying)
2021-04-25 18:07:33 [main] INFO  o.s.c.s.PostProcessorRegistrationDelegate$BeanPostProcessorChecker - Bean 'myShiroRealm' of type [com.gyf.shiro.ShiroRealm] is not eligible for getting processed by all BeanPostProcessors (for example: not eligible for auto-proxying)
2021-04-25 18:07:33 [main] INFO  o.s.c.s.PostProcessorRegistrationDelegate$BeanPostProcessorChecker - Bean 'securityManager' of type [org.apache.shiro.web.mgt.DefaultWebSecurityManager] is not eligible for getting processed by all BeanPostProcessors (for example: not eligible for auto-proxying)
2021-04-25 18:07:33 [main] INFO  o.s.boot.web.embedded.tomcat.TomcatWebServer - Tomcat initialized with port(s): 80 (http)
2021-04-25 18:07:33 [main] INFO  org.apache.coyote.http11.Http11NioProtocol - Initializing ProtocolHandler ["http-nio-80"]
2021-04-25 18:07:33 [main] INFO  org.apache.catalina.core.StandardService - Starting service [Tomcat]
2021-04-25 18:07:33 [main] INFO  org.apache.catalina.core.StandardEngine - Starting Servlet engine: [Apache Tomcat/9.0.41]
2021-04-25 18:07:33 [main] INFO  org.apache.catalina.core.AprLifecycleListener - Loaded Apache Tomcat Native library [1.2.23] using APR version [1.7.0].
2021-04-25 18:07:33 [main] INFO  org.apache.catalina.core.AprLifecycleListener - APR capabilities: IPv6 [true], sendfile [true], accept filters [false], random [true].
2021-04-25 18:07:33 [main] INFO  org.apache.catalina.core.AprLifecycleListener - APR/OpenSSL configuration: useAprConnector [false], useOpenSSL [true]
2021-04-25 18:07:33 [main] INFO  org.apache.catalina.core.AprLifecycleListener - OpenSSL successfully initialized [OpenSSL 1.1.1c  28 May 2019]
2021-04-25 18:07:33 [main] INFO  o.a.c.core.ContainerBase.[Tomcat].[localhost].[/] - Initializing Spring embedded WebApplicationContext
2021-04-25 18:07:33 [main] INFO  o.s.b.w.s.c.ServletWebServerApplicationContext - Root WebApplicationContext: initialization completed in 1946 ms
2021-04-25 18:07:34 [main] INFO  o.s.scheduling.concurrent.ThreadPoolTaskExecutor - Initializing ExecutorService 'applicationTaskExecutor'
2021-04-25 18:07:34 [main] INFO  org.apache.coyote.http11.Http11NioProtocol - Starting ProtocolHandler ["http-nio-80"]
2021-04-25 18:07:34 [main] INFO  o.s.boot.web.embedded.tomcat.TomcatWebServer - Tomcat started on port(s): 80 (http) with context path ''
2021-04-25 18:07:34 [main] INFO  c.g.c.CurriculumArrangementSystemSpringbootApplication - Started CurriculumArrangementSystemSpringbootApplication in 3.314 seconds (JVM running for 4.588)
2021-04-25 18:07:34 [http-nio-80-exec-1] INFO  o.a.c.core.ContainerBase.[Tomcat].[localhost].[/] - Initializing Spring DispatcherServlet 'dispatcherServlet'
2021-04-25 18:07:34 [http-nio-80-exec-1] INFO  org.springframework.web.servlet.DispatcherServlet - Initializing Servlet 'dispatcherServlet'
2021-04-25 18:07:34 [http-nio-80-exec-1] INFO  org.springframework.web.servlet.DispatcherServlet - Completed initialization in 7 ms
2021-04-25 18:07:38 [http-nio-80-exec-6] INFO  com.zaxxer.hikari.HikariDataSource - HikariPool-1 - Starting...
2021-04-25 18:07:39 [http-nio-80-exec-6] INFO  com.zaxxer.hikari.HikariDataSource - HikariPool-1 - Start completed.
2021-04-25 18:25:03 [main] INFO  c.g.c.CurriculumArrangementSystemSpringbootApplication - Starting CurriculumArrangementSystemSpringbootApplication on DESKTOP-89D0D5U with PID 10520 (C:\Users\22413\IdeaProjects\curriculum_arrangement_system_springboot\target\classes started by 22413 in C:\Users\22413\IdeaProjects\curriculum_arrangement_system_springboot)
2021-04-25 18:25:03 [main] INFO  c.g.c.CurriculumArrangementSystemSpringbootApplication - No active profile set, falling back to default profiles: default
2021-04-25 18:25:04 [main] INFO  o.s.c.s.PostProcessorRegistrationDelegate$BeanPostProcessorChecker - Bean 'shiroConfig' of type [com.gyf.shiro.ShiroConfig$$EnhancerBySpringCGLIB$$d9e2a23b] is not eligible for getting processed by all BeanPostProcessors (for example: not eligible for auto-proxying)
2021-04-25 18:25:04 [main] INFO  o.s.c.s.PostProcessorRegistrationDelegate$BeanPostProcessorChecker - Bean 'hashedCredentialsMatcher' of type [org.apache.shiro.authc.credential.HashedCredentialsMatcher] is not eligible for getting processed by all BeanPostProcessors (for example: not eligible for auto-proxying)
2021-04-25 18:25:04 [main] INFO  o.s.c.s.PostProcessorRegistrationDelegate$BeanPostProcessorChecker - Bean 'mybatis-plus-com.baomidou.mybatisplus.autoconfigure.MybatisPlusProperties' of type [com.baomidou.mybatisplus.autoconfigure.MybatisPlusProperties] is not eligible for getting processed by all BeanPostProcessors (for example: not eligible for auto-proxying)
2021-04-25 18:25:04 [main] INFO  o.s.c.s.PostProcessorRegistrationDelegate$BeanPostProcessorChecker - Bean 'com.baomidou.mybatisplus.autoconfigure.MybatisPlusAutoConfiguration' of type [com.baomidou.mybatisplus.autoconfigure.MybatisPlusAutoConfiguration$$EnhancerBySpringCGLIB$$7abb3f01] is not eligible for getting processed by all BeanPostProcessors (for example: not eligible for auto-proxying)
2021-04-25 18:25:04 [main] INFO  o.s.c.s.PostProcessorRegistrationDelegate$BeanPostProcessorChecker - Bean 'org.springframework.boot.autoconfigure.jdbc.DataSourceConfiguration$Hikari' of type [org.springframework.boot.autoconfigure.jdbc.DataSourceConfiguration$Hikari] is not eligible for getting processed by all BeanPostProcessors (for example: not eligible for auto-proxying)
2021-04-25 18:25:04 [main] INFO  o.s.c.s.PostProcessorRegistrationDelegate$BeanPostProcessorChecker - Bean 'spring.datasource-org.springframework.boot.autoconfigure.jdbc.DataSourceProperties' of type [org.springframework.boot.autoconfigure.jdbc.DataSourceProperties] is not eligible for getting processed by all BeanPostProcessors (for example: not eligible for auto-proxying)
2021-04-25 18:25:04 [main] INFO  o.s.c.s.PostProcessorRegistrationDelegate$BeanPostProcessorChecker - Bean 'dataSource' of type [com.zaxxer.hikari.HikariDataSource] is not eligible for getting processed by all BeanPostProcessors (for example: not eligible for auto-proxying)
2021-04-25 18:25:04 [main] INFO  o.s.c.s.PostProcessorRegistrationDelegate$BeanPostProcessorChecker - Bean 'org.springframework.boot.autoconfigure.jdbc.DataSourceInitializerInvoker' of type [org.springframework.boot.autoconfigure.jdbc.DataSourceInitializerInvoker] is not eligible for getting processed by all BeanPostProcessors (for example: not eligible for auto-proxying)
2021-04-25 18:25:04 [main] INFO  o.s.c.s.PostProcessorRegistrationDelegate$BeanPostProcessorChecker - Bean 'sqlSessionFactory' of type [org.apache.ibatis.session.defaults.DefaultSqlSessionFactory] is not eligible for getting processed by all BeanPostProcessors (for example: not eligible for auto-proxying)
2021-04-25 18:25:04 [main] INFO  o.s.c.s.PostProcessorRegistrationDelegate$BeanPostProcessorChecker - Bean 'sqlSessionTemplate' of type [org.mybatis.spring.SqlSessionTemplate] is not eligible for getting processed by all BeanPostProcessors (for example: not eligible for auto-proxying)
2021-04-25 18:25:04 [main] INFO  o.s.c.s.PostProcessorRegistrationDelegate$BeanPostProcessorChecker - Bean 'adminMapper' of type [org.mybatis.spring.mapper.MapperFactoryBean] is not eligible for getting processed by all BeanPostProcessors (for example: not eligible for auto-proxying)
2021-04-25 18:25:04 [main] INFO  o.s.c.s.PostProcessorRegistrationDelegate$BeanPostProcessorChecker - Bean 'adminMapper' of type [com.sun.proxy.$Proxy51] is not eligible for getting processed by all BeanPostProcessors (for example: not eligible for auto-proxying)
2021-04-25 18:25:04 [main] INFO  o.s.c.s.PostProcessorRegistrationDelegate$BeanPostProcessorChecker - Bean 'adminServcieImpl' of type [com.gyf.service.Impl.AdminServcieImpl] is not eligible for getting processed by all BeanPostProcessors (for example: not eligible for auto-proxying)
2021-04-25 18:25:04 [main] INFO  o.s.c.s.PostProcessorRegistrationDelegate$BeanPostProcessorChecker - Bean 'myShiroRealm' of type [com.gyf.shiro.ShiroRealm] is not eligible for getting processed by all BeanPostProcessors (for example: not eligible for auto-proxying)
2021-04-25 18:25:04 [main] INFO  o.s.c.s.PostProcessorRegistrationDelegate$BeanPostProcessorChecker - Bean 'securityManager' of type [org.apache.shiro.web.mgt.DefaultWebSecurityManager] is not eligible for getting processed by all BeanPostProcessors (for example: not eligible for auto-proxying)
2021-04-25 18:25:04 [main] INFO  o.s.boot.web.embedded.tomcat.TomcatWebServer - Tomcat initialized with port(s): 80 (http)
2021-04-25 18:25:04 [main] INFO  org.apache.coyote.http11.Http11NioProtocol - Initializing ProtocolHandler ["http-nio-80"]
2021-04-25 18:25:04 [main] INFO  org.apache.catalina.core.StandardService - Starting service [Tomcat]
2021-04-25 18:25:04 [main] INFO  org.apache.catalina.core.StandardEngine - Starting Servlet engine: [Apache Tomcat/9.0.41]
2021-04-25 18:25:04 [main] INFO  org.apache.catalina.core.AprLifecycleListener - Loaded Apache Tomcat Native library [1.2.23] using APR version [1.7.0].
2021-04-25 18:25:04 [main] INFO  org.apache.catalina.core.AprLifecycleListener - APR capabilities: IPv6 [true], sendfile [true], accept filters [false], random [true].
2021-04-25 18:25:04 [main] INFO  org.apache.catalina.core.AprLifecycleListener - APR/OpenSSL configuration: useAprConnector [false], useOpenSSL [true]
2021-04-25 18:25:04 [main] INFO  org.apache.catalina.core.AprLifecycleListener - OpenSSL successfully initialized [OpenSSL 1.1.1c  28 May 2019]
2021-04-25 18:25:05 [main] INFO  o.a.c.core.ContainerBase.[Tomcat].[localhost].[/] - Initializing Spring embedded WebApplicationContext
2021-04-25 18:25:05 [main] INFO  o.s.b.w.s.c.ServletWebServerApplicationContext - Root WebApplicationContext: initialization completed in 1462 ms
2021-04-25 18:25:05 [main] INFO  o.s.scheduling.concurrent.ThreadPoolTaskExecutor - Initializing ExecutorService 'applicationTaskExecutor'
2021-04-25 18:25:05 [main] WARN  o.s.b.w.s.c.AnnotationConfigServletWebServerApplicationContext - Exception encountered during context initialization - cancelling refresh attempt: org.springframework.beans.factory.BeanCreationException: Error creating bean with name 'viewResolver' defined in class path resource [org/springframework/boot/autoconfigure/web/servlet/WebMvcAutoConfiguration$WebMvcAutoConfigurationAdapter.class]: Initialization of bean failed; nested exception is org.springframework.beans.factory.UnsatisfiedDependencyException: Error creating bean with name 'thymeleafViewResolver' defined in class path resource [org/springframework/boot/autoconfigure/thymeleaf/ThymeleafAutoConfiguration$ThymeleafWebMvcConfiguration$ThymeleafViewResolverConfiguration.class]: Unsatisfied dependency expressed through method 'thymeleafViewResolver' parameter 1; nested exception is org.springframework.beans.factory.BeanCreationException: Error creating bean with name 'templateEngine' defined in class path resource [org/springframework/boot/autoconfigure/thymeleaf/ThymeleafAutoConfiguration$ThymeleafDefaultConfiguration.class]: Bean instantiation via factory method failed; nested exception is org.springframework.beans.BeanInstantiationException: Failed to instantiate [org.thymeleaf.spring5.SpringTemplateEngine]: Factory method 'templateEngine' threw exception; nested exception is org.springframework.beans.factory.BeanCreationException: Error creating bean with name 'securityDialect' defined in class path resource [org/springframework/boot/autoconfigure/thymeleaf/ThymeleafAutoConfiguration$ThymeleafSecurityDialectConfiguration.class]: Post-processing of merged bean definition failed; nested exception is java.lang.IllegalStateException: Failed to introspect Class [org.thymeleaf.extras.springsecurity5.dialect.SpringSecurityDialect] from ClassLoader [sun.misc.Launcher$AppClassLoader@18b4aac2]
2021-04-25 18:25:05 [main] INFO  o.s.scheduling.concurrent.ThreadPoolTaskExecutor - Shutting down ExecutorService 'applicationTaskExecutor'
2021-04-25 18:25:05 [main] INFO  org.apache.catalina.core.StandardService - Stopping service [Tomcat]
2021-04-25 18:25:05 [main] INFO  o.s.b.a.l.ConditionEvaluationReportLoggingListener - 

Error starting ApplicationContext. To display the conditions report re-run your application with 'debug' enabled.
2021-04-25 18:26:45 [main] INFO  c.g.c.CurriculumArrangementSystemSpringbootApplication - Starting CurriculumArrangementSystemSpringbootApplication on DESKTOP-89D0D5U with PID 4188 (C:\Users\22413\IdeaProjects\curriculum_arrangement_system_springboot\target\classes started by 22413 in C:\Users\22413\IdeaProjects\curriculum_arrangement_system_springboot)
2021-04-25 18:26:45 [main] INFO  c.g.c.CurriculumArrangementSystemSpringbootApplication - No active profile set, falling back to default profiles: default
2021-04-25 18:26:46 [main] INFO  o.s.c.s.PostProcessorRegistrationDelegate$BeanPostProcessorChecker - Bean 'shiroConfig' of type [com.gyf.shiro.ShiroConfig$$EnhancerBySpringCGLIB$$4eb7fdb9] is not eligible for getting processed by all BeanPostProcessors (for example: not eligible for auto-proxying)
2021-04-25 18:26:46 [main] INFO  o.s.c.s.PostProcessorRegistrationDelegate$BeanPostProcessorChecker - Bean 'hashedCredentialsMatcher' of type [org.apache.shiro.authc.credential.HashedCredentialsMatcher] is not eligible for getting processed by all BeanPostProcessors (for example: not eligible for auto-proxying)
2021-04-25 18:26:46 [main] INFO  o.s.c.s.PostProcessorRegistrationDelegate$BeanPostProcessorChecker - Bean 'mybatis-plus-com.baomidou.mybatisplus.autoconfigure.MybatisPlusProperties' of type [com.baomidou.mybatisplus.autoconfigure.MybatisPlusProperties] is not eligible for getting processed by all BeanPostProcessors (for example: not eligible for auto-proxying)
2021-04-25 18:26:46 [main] INFO  o.s.c.s.PostProcessorRegistrationDelegate$BeanPostProcessorChecker - Bean 'com.baomidou.mybatisplus.autoconfigure.MybatisPlusAutoConfiguration' of type [com.baomidou.mybatisplus.autoconfigure.MybatisPlusAutoConfiguration$$EnhancerBySpringCGLIB$$ef909a7f] is not eligible for getting processed by all BeanPostProcessors (for example: not eligible for auto-proxying)
2021-04-25 18:26:46 [main] INFO  o.s.c.s.PostProcessorRegistrationDelegate$BeanPostProcessorChecker - Bean 'org.springframework.boot.autoconfigure.jdbc.DataSourceConfiguration$Hikari' of type [org.springframework.boot.autoconfigure.jdbc.DataSourceConfiguration$Hikari] is not eligible for getting processed by all BeanPostProcessors (for example: not eligible for auto-proxying)
2021-04-25 18:26:46 [main] INFO  o.s.c.s.PostProcessorRegistrationDelegate$BeanPostProcessorChecker - Bean 'spring.datasource-org.springframework.boot.autoconfigure.jdbc.DataSourceProperties' of type [org.springframework.boot.autoconfigure.jdbc.DataSourceProperties] is not eligible for getting processed by all BeanPostProcessors (for example: not eligible for auto-proxying)
2021-04-25 18:26:46 [main] INFO  o.s.c.s.PostProcessorRegistrationDelegate$BeanPostProcessorChecker - Bean 'dataSource' of type [com.zaxxer.hikari.HikariDataSource] is not eligible for getting processed by all BeanPostProcessors (for example: not eligible for auto-proxying)
2021-04-25 18:26:46 [main] INFO  o.s.c.s.PostProcessorRegistrationDelegate$BeanPostProcessorChecker - Bean 'org.springframework.boot.autoconfigure.jdbc.DataSourceInitializerInvoker' of type [org.springframework.boot.autoconfigure.jdbc.DataSourceInitializerInvoker] is not eligible for getting processed by all BeanPostProcessors (for example: not eligible for auto-proxying)
2021-04-25 18:26:46 [main] INFO  o.s.c.s.PostProcessorRegistrationDelegate$BeanPostProcessorChecker - Bean 'sqlSessionFactory' of type [org.apache.ibatis.session.defaults.DefaultSqlSessionFactory] is not eligible for getting processed by all BeanPostProcessors (for example: not eligible for auto-proxying)
2021-04-25 18:26:46 [main] INFO  o.s.c.s.PostProcessorRegistrationDelegate$BeanPostProcessorChecker - Bean 'sqlSessionTemplate' of type [org.mybatis.spring.SqlSessionTemplate] is not eligible for getting processed by all BeanPostProcessors (for example: not eligible for auto-proxying)
2021-04-25 18:26:46 [main] INFO  o.s.c.s.PostProcessorRegistrationDelegate$BeanPostProcessorChecker - Bean 'adminMapper' of type [org.mybatis.spring.mapper.MapperFactoryBean] is not eligible for getting processed by all BeanPostProcessors (for example: not eligible for auto-proxying)
2021-04-25 18:26:46 [main] INFO  o.s.c.s.PostProcessorRegistrationDelegate$BeanPostProcessorChecker - Bean 'adminMapper' of type [com.sun.proxy.$Proxy51] is not eligible for getting processed by all BeanPostProcessors (for example: not eligible for auto-proxying)
2021-04-25 18:26:46 [main] INFO  o.s.c.s.PostProcessorRegistrationDelegate$BeanPostProcessorChecker - Bean 'adminServcieImpl' of type [com.gyf.service.Impl.AdminServcieImpl] is not eligible for getting processed by all BeanPostProcessors (for example: not eligible for auto-proxying)
2021-04-25 18:26:46 [main] INFO  o.s.c.s.PostProcessorRegistrationDelegate$BeanPostProcessorChecker - Bean 'myShiroRealm' of type [com.gyf.shiro.ShiroRealm] is not eligible for getting processed by all BeanPostProcessors (for example: not eligible for auto-proxying)
2021-04-25 18:26:46 [main] INFO  o.s.c.s.PostProcessorRegistrationDelegate$BeanPostProcessorChecker - Bean 'securityManager' of type [org.apache.shiro.web.mgt.DefaultWebSecurityManager] is not eligible for getting processed by all BeanPostProcessors (for example: not eligible for auto-proxying)
2021-04-25 18:26:46 [main] INFO  o.s.boot.web.embedded.tomcat.TomcatWebServer - Tomcat initialized with port(s): 80 (http)
2021-04-25 18:26:46 [main] INFO  org.apache.coyote.http11.Http11NioProtocol - Initializing ProtocolHandler ["http-nio-80"]
2021-04-25 18:26:46 [main] INFO  org.apache.catalina.core.StandardService - Starting service [Tomcat]
2021-04-25 18:26:46 [main] INFO  org.apache.catalina.core.StandardEngine - Starting Servlet engine: [Apache Tomcat/9.0.41]
2021-04-25 18:26:46 [main] INFO  org.apache.catalina.core.AprLifecycleListener - Loaded Apache Tomcat Native library [1.2.23] using APR version [1.7.0].
2021-04-25 18:26:46 [main] INFO  org.apache.catalina.core.AprLifecycleListener - APR capabilities: IPv6 [true], sendfile [true], accept filters [false], random [true].
2021-04-25 18:26:46 [main] INFO  org.apache.catalina.core.AprLifecycleListener - APR/OpenSSL configuration: useAprConnector [false], useOpenSSL [true]
2021-04-25 18:26:46 [main] INFO  org.apache.catalina.core.AprLifecycleListener - OpenSSL successfully initialized [OpenSSL 1.1.1c  28 May 2019]
2021-04-25 18:26:46 [main] INFO  o.a.c.core.ContainerBase.[Tomcat].[localhost].[/] - Initializing Spring embedded WebApplicationContext
2021-04-25 18:26:46 [main] INFO  o.s.b.w.s.c.ServletWebServerApplicationContext - Root WebApplicationContext: initialization completed in 1296 ms
2021-04-25 18:26:46 [main] INFO  o.s.scheduling.concurrent.ThreadPoolTaskExecutor - Initializing ExecutorService 'applicationTaskExecutor'
2021-04-25 18:26:46 [main] WARN  o.s.b.w.s.c.AnnotationConfigServletWebServerApplicationContext - Exception encountered during context initialization - cancelling refresh attempt: org.springframework.beans.factory.BeanCreationException: Error creating bean with name 'viewResolver' defined in class path resource [org/springframework/boot/autoconfigure/web/servlet/WebMvcAutoConfiguration$WebMvcAutoConfigurationAdapter.class]: Initialization of bean failed; nested exception is org.springframework.beans.factory.UnsatisfiedDependencyException: Error creating bean with name 'thymeleafViewResolver' defined in class path resource [org/springframework/boot/autoconfigure/thymeleaf/ThymeleafAutoConfiguration$ThymeleafWebMvcConfiguration$ThymeleafViewResolverConfiguration.class]: Unsatisfied dependency expressed through method 'thymeleafViewResolver' parameter 1; nested exception is org.springframework.beans.factory.BeanCreationException: Error creating bean with name 'templateEngine' defined in class path resource [org/springframework/boot/autoconfigure/thymeleaf/ThymeleafAutoConfiguration$ThymeleafDefaultConfiguration.class]: Bean instantiation via factory method failed; nested exception is org.springframework.beans.BeanInstantiationException: Failed to instantiate [org.thymeleaf.spring5.SpringTemplateEngine]: Factory method 'templateEngine' threw exception; nested exception is org.springframework.beans.factory.BeanCreationException: Error creating bean with name 'securityDialect' defined in class path resource [org/springframework/boot/autoconfigure/thymeleaf/ThymeleafAutoConfiguration$ThymeleafSecurityDialectConfiguration.class]: Post-processing of merged bean definition failed; nested exception is java.lang.IllegalStateException: Failed to introspect Class [org.thymeleaf.extras.springsecurity5.dialect.SpringSecurityDialect] from ClassLoader [sun.misc.Launcher$AppClassLoader@18b4aac2]
2021-04-25 18:26:46 [main] INFO  o.s.scheduling.concurrent.ThreadPoolTaskExecutor - Shutting down ExecutorService 'applicationTaskExecutor'
2021-04-25 18:26:46 [main] INFO  org.apache.catalina.core.StandardService - Stopping service [Tomcat]
2021-04-25 18:26:46 [main] INFO  o.s.b.a.l.ConditionEvaluationReportLoggingListener - 

Error starting ApplicationContext. To display the conditions report re-run your application with 'debug' enabled.
2021-04-25 18:27:06 [main] INFO  c.g.c.CurriculumArrangementSystemSpringbootApplication - Starting CurriculumArrangementSystemSpringbootApplication on DESKTOP-89D0D5U with PID 3316 (C:\Users\22413\IdeaProjects\curriculum_arrangement_system_springboot\target\classes started by 22413 in C:\Users\22413\IdeaProjects\curriculum_arrangement_system_springboot)
2021-04-25 18:27:06 [main] INFO  c.g.c.CurriculumArrangementSystemSpringbootApplication - No active profile set, falling back to default profiles: default
2021-04-25 18:27:07 [main] INFO  o.s.c.s.PostProcessorRegistrationDelegate$BeanPostProcessorChecker - Bean 'shiroConfig' of type [com.gyf.shiro.ShiroConfig$$EnhancerBySpringCGLIB$$d9e2a23b] is not eligible for getting processed by all BeanPostProcessors (for example: not eligible for auto-proxying)
2021-04-25 18:27:07 [main] INFO  o.s.c.s.PostProcessorRegistrationDelegate$BeanPostProcessorChecker - Bean 'hashedCredentialsMatcher' of type [org.apache.shiro.authc.credential.HashedCredentialsMatcher] is not eligible for getting processed by all BeanPostProcessors (for example: not eligible for auto-proxying)
2021-04-25 18:27:07 [main] INFO  o.s.c.s.PostProcessorRegistrationDelegate$BeanPostProcessorChecker - Bean 'mybatis-plus-com.baomidou.mybatisplus.autoconfigure.MybatisPlusProperties' of type [com.baomidou.mybatisplus.autoconfigure.MybatisPlusProperties] is not eligible for getting processed by all BeanPostProcessors (for example: not eligible for auto-proxying)
2021-04-25 18:27:07 [main] INFO  o.s.c.s.PostProcessorRegistrationDelegate$BeanPostProcessorChecker - Bean 'com.baomidou.mybatisplus.autoconfigure.MybatisPlusAutoConfiguration' of type [com.baomidou.mybatisplus.autoconfigure.MybatisPlusAutoConfiguration$$EnhancerBySpringCGLIB$$7abb3f01] is not eligible for getting processed by all BeanPostProcessors (for example: not eligible for auto-proxying)
2021-04-25 18:27:07 [main] INFO  o.s.c.s.PostProcessorRegistrationDelegate$BeanPostProcessorChecker - Bean 'org.springframework.boot.autoconfigure.jdbc.DataSourceConfiguration$Hikari' of type [org.springframework.boot.autoconfigure.jdbc.DataSourceConfiguration$Hikari] is not eligible for getting processed by all BeanPostProcessors (for example: not eligible for auto-proxying)
2021-04-25 18:27:07 [main] INFO  o.s.c.s.PostProcessorRegistrationDelegate$BeanPostProcessorChecker - Bean 'spring.datasource-org.springframework.boot.autoconfigure.jdbc.DataSourceProperties' of type [org.springframework.boot.autoconfigure.jdbc.DataSourceProperties] is not eligible for getting processed by all BeanPostProcessors (for example: not eligible for auto-proxying)
2021-04-25 18:27:07 [main] INFO  o.s.c.s.PostProcessorRegistrationDelegate$BeanPostProcessorChecker - Bean 'dataSource' of type [com.zaxxer.hikari.HikariDataSource] is not eligible for getting processed by all BeanPostProcessors (for example: not eligible for auto-proxying)
2021-04-25 18:27:07 [main] INFO  o.s.c.s.PostProcessorRegistrationDelegate$BeanPostProcessorChecker - Bean 'org.springframework.boot.autoconfigure.jdbc.DataSourceInitializerInvoker' of type [org.springframework.boot.autoconfigure.jdbc.DataSourceInitializerInvoker] is not eligible for getting processed by all BeanPostProcessors (for example: not eligible for auto-proxying)
2021-04-25 18:27:07 [main] INFO  o.s.c.s.PostProcessorRegistrationDelegate$BeanPostProcessorChecker - Bean 'sqlSessionFactory' of type [org.apache.ibatis.session.defaults.DefaultSqlSessionFactory] is not eligible for getting processed by all BeanPostProcessors (for example: not eligible for auto-proxying)
2021-04-25 18:27:07 [main] INFO  o.s.c.s.PostProcessorRegistrationDelegate$BeanPostProcessorChecker - Bean 'sqlSessionTemplate' of type [org.mybatis.spring.SqlSessionTemplate] is not eligible for getting processed by all BeanPostProcessors (for example: not eligible for auto-proxying)
2021-04-25 18:27:07 [main] INFO  o.s.c.s.PostProcessorRegistrationDelegate$BeanPostProcessorChecker - Bean 'adminMapper' of type [org.mybatis.spring.mapper.MapperFactoryBean] is not eligible for getting processed by all BeanPostProcessors (for example: not eligible for auto-proxying)
2021-04-25 18:27:07 [main] INFO  o.s.c.s.PostProcessorRegistrationDelegate$BeanPostProcessorChecker - Bean 'adminMapper' of type [com.sun.proxy.$Proxy51] is not eligible for getting processed by all BeanPostProcessors (for example: not eligible for auto-proxying)
2021-04-25 18:27:07 [main] INFO  o.s.c.s.PostProcessorRegistrationDelegate$BeanPostProcessorChecker - Bean 'adminServcieImpl' of type [com.gyf.service.Impl.AdminServcieImpl] is not eligible for getting processed by all BeanPostProcessors (for example: not eligible for auto-proxying)
2021-04-25 18:27:07 [main] INFO  o.s.c.s.PostProcessorRegistrationDelegate$BeanPostProcessorChecker - Bean 'myShiroRealm' of type [com.gyf.shiro.ShiroRealm] is not eligible for getting processed by all BeanPostProcessors (for example: not eligible for auto-proxying)
2021-04-25 18:27:07 [main] INFO  o.s.c.s.PostProcessorRegistrationDelegate$BeanPostProcessorChecker - Bean 'securityManager' of type [org.apache.shiro.web.mgt.DefaultWebSecurityManager] is not eligible for getting processed by all BeanPostProcessors (for example: not eligible for auto-proxying)
2021-04-25 18:27:07 [main] INFO  o.s.boot.web.embedded.tomcat.TomcatWebServer - Tomcat initialized with port(s): 80 (http)
2021-04-25 18:27:07 [main] INFO  org.apache.coyote.http11.Http11NioProtocol - Initializing ProtocolHandler ["http-nio-80"]
2021-04-25 18:27:07 [main] INFO  org.apache.catalina.core.StandardService - Starting service [Tomcat]
2021-04-25 18:27:07 [main] INFO  org.apache.catalina.core.StandardEngine - Starting Servlet engine: [Apache Tomcat/9.0.41]
2021-04-25 18:27:07 [main] INFO  org.apache.catalina.core.AprLifecycleListener - Loaded Apache Tomcat Native library [1.2.23] using APR version [1.7.0].
2021-04-25 18:27:07 [main] INFO  org.apache.catalina.core.AprLifecycleListener - APR capabilities: IPv6 [true], sendfile [true], accept filters [false], random [true].
2021-04-25 18:27:07 [main] INFO  org.apache.catalina.core.AprLifecycleListener - APR/OpenSSL configuration: useAprConnector [false], useOpenSSL [true]
2021-04-25 18:27:07 [main] INFO  org.apache.catalina.core.AprLifecycleListener - OpenSSL successfully initialized [OpenSSL 1.1.1c  28 May 2019]
2021-04-25 18:27:07 [main] INFO  o.a.c.core.ContainerBase.[Tomcat].[localhost].[/] - Initializing Spring embedded WebApplicationContext
2021-04-25 18:27:07 [main] INFO  o.s.b.w.s.c.ServletWebServerApplicationContext - Root WebApplicationContext: initialization completed in 1245 ms
2021-04-25 18:27:07 [main] INFO  o.s.scheduling.concurrent.ThreadPoolTaskExecutor - Initializing ExecutorService 'applicationTaskExecutor'
2021-04-25 18:27:07 [main] WARN  o.s.b.w.s.c.AnnotationConfigServletWebServerApplicationContext - Exception encountered during context initialization - cancelling refresh attempt: org.springframework.beans.factory.BeanCreationException: Error creating bean with name 'viewResolver' defined in class path resource [org/springframework/boot/autoconfigure/web/servlet/WebMvcAutoConfiguration$WebMvcAutoConfigurationAdapter.class]: Initialization of bean failed; nested exception is org.springframework.beans.factory.UnsatisfiedDependencyException: Error creating bean with name 'thymeleafViewResolver' defined in class path resource [org/springframework/boot/autoconfigure/thymeleaf/ThymeleafAutoConfiguration$ThymeleafWebMvcConfiguration$ThymeleafViewResolverConfiguration.class]: Unsatisfied dependency expressed through method 'thymeleafViewResolver' parameter 1; nested exception is org.springframework.beans.factory.BeanCreationException: Error creating bean with name 'templateEngine' defined in class path resource [org/springframework/boot/autoconfigure/thymeleaf/ThymeleafAutoConfiguration$ThymeleafDefaultConfiguration.class]: Bean instantiation via factory method failed; nested exception is org.springframework.beans.BeanInstantiationException: Failed to instantiate [org.thymeleaf.spring5.SpringTemplateEngine]: Factory method 'templateEngine' threw exception; nested exception is org.springframework.beans.factory.BeanCreationException: Error creating bean with name 'securityDialect' defined in class path resource [org/springframework/boot/autoconfigure/thymeleaf/ThymeleafAutoConfiguration$ThymeleafSecurityDialectConfiguration.class]: Post-processing of merged bean definition failed; nested exception is java.lang.IllegalStateException: Failed to introspect Class [org.thymeleaf.extras.springsecurity5.dialect.SpringSecurityDialect] from ClassLoader [sun.misc.Launcher$AppClassLoader@18b4aac2]
2021-04-25 18:27:07 [main] INFO  o.s.scheduling.concurrent.ThreadPoolTaskExecutor - Shutting down ExecutorService 'applicationTaskExecutor'
2021-04-25 18:27:07 [main] INFO  org.apache.catalina.core.StandardService - Stopping service [Tomcat]
2021-04-25 18:27:07 [main] INFO  o.s.b.a.l.ConditionEvaluationReportLoggingListener - 

Error starting ApplicationContext. To display the conditions report re-run your application with 'debug' enabled.
2021-04-25 18:27:25 [main] INFO  c.g.c.CurriculumArrangementSystemSpringbootApplication - Starting CurriculumArrangementSystemSpringbootApplication on DESKTOP-89D0D5U with PID 10720 (C:\Users\22413\IdeaProjects\curriculum_arrangement_system_springboot\target\classes started by 22413 in C:\Users\22413\IdeaProjects\curriculum_arrangement_system_springboot)
2021-04-25 18:27:25 [main] INFO  c.g.c.CurriculumArrangementSystemSpringbootApplication - No active profile set, falling back to default profiles: default
2021-04-25 18:27:26 [main] INFO  o.s.c.s.PostProcessorRegistrationDelegate$BeanPostProcessorChecker - Bean 'shiroConfig' of type [com.gyf.shiro.ShiroConfig$$EnhancerBySpringCGLIB$$dd5be906] is not eligible for getting processed by all BeanPostProcessors (for example: not eligible for auto-proxying)
2021-04-25 18:27:26 [main] INFO  o.s.c.s.PostProcessorRegistrationDelegate$BeanPostProcessorChecker - Bean 'hashedCredentialsMatcher' of type [org.apache.shiro.authc.credential.HashedCredentialsMatcher] is not eligible for getting processed by all BeanPostProcessors (for example: not eligible for auto-proxying)
2021-04-25 18:27:26 [main] INFO  o.s.c.s.PostProcessorRegistrationDelegate$BeanPostProcessorChecker - Bean 'mybatis-plus-com.baomidou.mybatisplus.autoconfigure.MybatisPlusProperties' of type [com.baomidou.mybatisplus.autoconfigure.MybatisPlusProperties] is not eligible for getting processed by all BeanPostProcessors (for example: not eligible for auto-proxying)
2021-04-25 18:27:26 [main] INFO  o.s.c.s.PostProcessorRegistrationDelegate$BeanPostProcessorChecker - Bean 'com.baomidou.mybatisplus.autoconfigure.MybatisPlusAutoConfiguration' of type [com.baomidou.mybatisplus.autoconfigure.MybatisPlusAutoConfiguration$$EnhancerBySpringCGLIB$$7e3485cc] is not eligible for getting processed by all BeanPostProcessors (for example: not eligible for auto-proxying)
2021-04-25 18:27:26 [main] INFO  o.s.c.s.PostProcessorRegistrationDelegate$BeanPostProcessorChecker - Bean 'org.springframework.boot.autoconfigure.jdbc.DataSourceConfiguration$Hikari' of type [org.springframework.boot.autoconfigure.jdbc.DataSourceConfiguration$Hikari] is not eligible for getting processed by all BeanPostProcessors (for example: not eligible for auto-proxying)
2021-04-25 18:27:26 [main] INFO  o.s.c.s.PostProcessorRegistrationDelegate$BeanPostProcessorChecker - Bean 'spring.datasource-org.springframework.boot.autoconfigure.jdbc.DataSourceProperties' of type [org.springframework.boot.autoconfigure.jdbc.DataSourceProperties] is not eligible for getting processed by all BeanPostProcessors (for example: not eligible for auto-proxying)
2021-04-25 18:27:26 [main] INFO  o.s.c.s.PostProcessorRegistrationDelegate$BeanPostProcessorChecker - Bean 'dataSource' of type [com.zaxxer.hikari.HikariDataSource] is not eligible for getting processed by all BeanPostProcessors (for example: not eligible for auto-proxying)
2021-04-25 18:27:26 [main] INFO  o.s.c.s.PostProcessorRegistrationDelegate$BeanPostProcessorChecker - Bean 'org.springframework.boot.autoconfigure.jdbc.DataSourceInitializerInvoker' of type [org.springframework.boot.autoconfigure.jdbc.DataSourceInitializerInvoker] is not eligible for getting processed by all BeanPostProcessors (for example: not eligible for auto-proxying)
2021-04-25 18:27:26 [main] INFO  o.s.c.s.PostProcessorRegistrationDelegate$BeanPostProcessorChecker - Bean 'sqlSessionFactory' of type [org.apache.ibatis.session.defaults.DefaultSqlSessionFactory] is not eligible for getting processed by all BeanPostProcessors (for example: not eligible for auto-proxying)
2021-04-25 18:27:26 [main] INFO  o.s.c.s.PostProcessorRegistrationDelegate$BeanPostProcessorChecker - Bean 'sqlSessionTemplate' of type [org.mybatis.spring.SqlSessionTemplate] is not eligible for getting processed by all BeanPostProcessors (for example: not eligible for auto-proxying)
2021-04-25 18:27:26 [main] INFO  o.s.c.s.PostProcessorRegistrationDelegate$BeanPostProcessorChecker - Bean 'adminMapper' of type [org.mybatis.spring.mapper.MapperFactoryBean] is not eligible for getting processed by all BeanPostProcessors (for example: not eligible for auto-proxying)
2021-04-25 18:27:26 [main] INFO  o.s.c.s.PostProcessorRegistrationDelegate$BeanPostProcessorChecker - Bean 'adminMapper' of type [com.sun.proxy.$Proxy51] is not eligible for getting processed by all BeanPostProcessors (for example: not eligible for auto-proxying)
2021-04-25 18:27:26 [main] INFO  o.s.c.s.PostProcessorRegistrationDelegate$BeanPostProcessorChecker - Bean 'adminServcieImpl' of type [com.gyf.service.Impl.AdminServcieImpl] is not eligible for getting processed by all BeanPostProcessors (for example: not eligible for auto-proxying)
2021-04-25 18:27:26 [main] INFO  o.s.c.s.PostProcessorRegistrationDelegate$BeanPostProcessorChecker - Bean 'myShiroRealm' of type [com.gyf.shiro.ShiroRealm] is not eligible for getting processed by all BeanPostProcessors (for example: not eligible for auto-proxying)
2021-04-25 18:27:26 [main] INFO  o.s.c.s.PostProcessorRegistrationDelegate$BeanPostProcessorChecker - Bean 'securityManager' of type [org.apache.shiro.web.mgt.DefaultWebSecurityManager] is not eligible for getting processed by all BeanPostProcessors (for example: not eligible for auto-proxying)
2021-04-25 18:27:26 [main] INFO  o.s.boot.web.embedded.tomcat.TomcatWebServer - Tomcat initialized with port(s): 80 (http)
2021-04-25 18:27:26 [main] INFO  org.apache.coyote.http11.Http11NioProtocol - Initializing ProtocolHandler ["http-nio-80"]
2021-04-25 18:27:26 [main] INFO  org.apache.catalina.core.StandardService - Starting service [Tomcat]
2021-04-25 18:27:26 [main] INFO  org.apache.catalina.core.StandardEngine - Starting Servlet engine: [Apache Tomcat/9.0.41]
2021-04-25 18:27:26 [main] INFO  org.apache.catalina.core.AprLifecycleListener - Loaded Apache Tomcat Native library [1.2.23] using APR version [1.7.0].
2021-04-25 18:27:26 [main] INFO  org.apache.catalina.core.AprLifecycleListener - APR capabilities: IPv6 [true], sendfile [true], accept filters [false], random [true].
2021-04-25 18:27:26 [main] INFO  org.apache.catalina.core.AprLifecycleListener - APR/OpenSSL configuration: useAprConnector [false], useOpenSSL [true]
2021-04-25 18:27:26 [main] INFO  org.apache.catalina.core.AprLifecycleListener - OpenSSL successfully initialized [OpenSSL 1.1.1c  28 May 2019]
2021-04-25 18:27:26 [main] INFO  o.a.c.core.ContainerBase.[Tomcat].[localhost].[/] - Initializing Spring embedded WebApplicationContext
2021-04-25 18:27:26 [main] INFO  o.s.b.w.s.c.ServletWebServerApplicationContext - Root WebApplicationContext: initialization completed in 1268 ms
2021-04-25 18:27:26 [main] INFO  o.s.scheduling.concurrent.ThreadPoolTaskExecutor - Initializing ExecutorService 'applicationTaskExecutor'
2021-04-25 18:27:26 [main] WARN  o.s.b.w.s.c.AnnotationConfigServletWebServerApplicationContext - Exception encountered during context initialization - cancelling refresh attempt: org.springframework.beans.factory.BeanCreationException: Error creating bean with name 'viewResolver' defined in class path resource [org/springframework/boot/autoconfigure/web/servlet/WebMvcAutoConfiguration$WebMvcAutoConfigurationAdapter.class]: Initialization of bean failed; nested exception is org.springframework.beans.factory.UnsatisfiedDependencyException: Error creating bean with name 'thymeleafViewResolver' defined in class path resource [org/springframework/boot/autoconfigure/thymeleaf/ThymeleafAutoConfiguration$ThymeleafWebMvcConfiguration$ThymeleafViewResolverConfiguration.class]: Unsatisfied dependency expressed through method 'thymeleafViewResolver' parameter 1; nested exception is org.springframework.beans.factory.BeanCreationException: Error creating bean with name 'templateEngine' defined in class path resource [org/springframework/boot/autoconfigure/thymeleaf/ThymeleafAutoConfiguration$ThymeleafDefaultConfiguration.class]: Bean instantiation via factory method failed; nested exception is org.springframework.beans.BeanInstantiationException: Failed to instantiate [org.thymeleaf.spring5.SpringTemplateEngine]: Factory method 'templateEngine' threw exception; nested exception is org.springframework.beans.factory.BeanCreationException: Error creating bean with name 'securityDialect' defined in class path resource [org/springframework/boot/autoconfigure/thymeleaf/ThymeleafAutoConfiguration$ThymeleafSecurityDialectConfiguration.class]: Post-processing of merged bean definition failed; nested exception is java.lang.IllegalStateException: Failed to introspect Class [org.thymeleaf.extras.springsecurity5.dialect.SpringSecurityDialect] from ClassLoader [sun.misc.Launcher$AppClassLoader@18b4aac2]
2021-04-25 18:27:26 [main] INFO  o.s.scheduling.concurrent.ThreadPoolTaskExecutor - Shutting down ExecutorService 'applicationTaskExecutor'
2021-04-25 18:27:26 [main] INFO  org.apache.catalina.core.StandardService - Stopping service [Tomcat]
2021-04-25 18:27:26 [main] INFO  o.s.b.a.l.ConditionEvaluationReportLoggingListener - 

Error starting ApplicationContext. To display the conditions report re-run your application with 'debug' enabled.
2021-04-25 18:27:41 [main] INFO  c.g.c.CurriculumArrangementSystemSpringbootApplication - Starting CurriculumArrangementSystemSpringbootApplication on DESKTOP-89D0D5U with PID 13168 (C:\Users\22413\IdeaProjects\curriculum_arrangement_system_springboot\target\classes started by 22413 in C:\Users\22413\IdeaProjects\curriculum_arrangement_system_springboot)
2021-04-25 18:27:41 [main] INFO  c.g.c.CurriculumArrangementSystemSpringbootApplication - No active profile set, falling back to default profiles: default
2021-04-25 18:27:42 [main] INFO  o.s.c.s.PostProcessorRegistrationDelegate$BeanPostProcessorChecker - Bean 'shiroConfig' of type [com.gyf.shiro.ShiroConfig$$EnhancerBySpringCGLIB$$7c616d5e] is not eligible for getting processed by all BeanPostProcessors (for example: not eligible for auto-proxying)
2021-04-25 18:27:42 [main] INFO  o.s.c.s.PostProcessorRegistrationDelegate$BeanPostProcessorChecker - Bean 'hashedCredentialsMatcher' of type [org.apache.shiro.authc.credential.HashedCredentialsMatcher] is not eligible for getting processed by all BeanPostProcessors (for example: not eligible for auto-proxying)
2021-04-25 18:27:42 [main] INFO  o.s.c.s.PostProcessorRegistrationDelegate$BeanPostProcessorChecker - Bean 'mybatis-plus-com.baomidou.mybatisplus.autoconfigure.MybatisPlusProperties' of type [com.baomidou.mybatisplus.autoconfigure.MybatisPlusProperties] is not eligible for getting processed by all BeanPostProcessors (for example: not eligible for auto-proxying)
2021-04-25 18:27:42 [main] INFO  o.s.c.s.PostProcessorRegistrationDelegate$BeanPostProcessorChecker - Bean 'com.baomidou.mybatisplus.autoconfigure.MybatisPlusAutoConfiguration' of type [com.baomidou.mybatisplus.autoconfigure.MybatisPlusAutoConfiguration$$EnhancerBySpringCGLIB$$1d3a0a24] is not eligible for getting processed by all BeanPostProcessors (for example: not eligible for auto-proxying)
2021-04-25 18:27:42 [main] INFO  o.s.c.s.PostProcessorRegistrationDelegate$BeanPostProcessorChecker - Bean 'org.springframework.boot.autoconfigure.jdbc.DataSourceConfiguration$Hikari' of type [org.springframework.boot.autoconfigure.jdbc.DataSourceConfiguration$Hikari] is not eligible for getting processed by all BeanPostProcessors (for example: not eligible for auto-proxying)
2021-04-25 18:27:42 [main] INFO  o.s.c.s.PostProcessorRegistrationDelegate$BeanPostProcessorChecker - Bean 'spring.datasource-org.springframework.boot.autoconfigure.jdbc.DataSourceProperties' of type [org.springframework.boot.autoconfigure.jdbc.DataSourceProperties] is not eligible for getting processed by all BeanPostProcessors (for example: not eligible for auto-proxying)
2021-04-25 18:27:42 [main] INFO  o.s.c.s.PostProcessorRegistrationDelegate$BeanPostProcessorChecker - Bean 'dataSource' of type [com.zaxxer.hikari.HikariDataSource] is not eligible for getting processed by all BeanPostProcessors (for example: not eligible for auto-proxying)
2021-04-25 18:27:42 [main] INFO  o.s.c.s.PostProcessorRegistrationDelegate$BeanPostProcessorChecker - Bean 'org.springframework.boot.autoconfigure.jdbc.DataSourceInitializerInvoker' of type [org.springframework.boot.autoconfigure.jdbc.DataSourceInitializerInvoker] is not eligible for getting processed by all BeanPostProcessors (for example: not eligible for auto-proxying)
2021-04-25 18:27:42 [main] INFO  o.s.c.s.PostProcessorRegistrationDelegate$BeanPostProcessorChecker - Bean 'sqlSessionFactory' of type [org.apache.ibatis.session.defaults.DefaultSqlSessionFactory] is not eligible for getting processed by all BeanPostProcessors (for example: not eligible for auto-proxying)
2021-04-25 18:27:42 [main] INFO  o.s.c.s.PostProcessorRegistrationDelegate$BeanPostProcessorChecker - Bean 'sqlSessionTemplate' of type [org.mybatis.spring.SqlSessionTemplate] is not eligible for getting processed by all BeanPostProcessors (for example: not eligible for auto-proxying)
2021-04-25 18:27:42 [main] INFO  o.s.c.s.PostProcessorRegistrationDelegate$BeanPostProcessorChecker - Bean 'adminMapper' of type [org.mybatis.spring.mapper.MapperFactoryBean] is not eligible for getting processed by all BeanPostProcessors (for example: not eligible for auto-proxying)
2021-04-25 18:27:42 [main] INFO  o.s.c.s.PostProcessorRegistrationDelegate$BeanPostProcessorChecker - Bean 'adminMapper' of type [com.sun.proxy.$Proxy51] is not eligible for getting processed by all BeanPostProcessors (for example: not eligible for auto-proxying)
2021-04-25 18:27:42 [main] INFO  o.s.c.s.PostProcessorRegistrationDelegate$BeanPostProcessorChecker - Bean 'adminServcieImpl' of type [com.gyf.service.Impl.AdminServcieImpl] is not eligible for getting processed by all BeanPostProcessors (for example: not eligible for auto-proxying)
2021-04-25 18:27:42 [main] INFO  o.s.c.s.PostProcessorRegistrationDelegate$BeanPostProcessorChecker - Bean 'myShiroRealm' of type [com.gyf.shiro.ShiroRealm] is not eligible for getting processed by all BeanPostProcessors (for example: not eligible for auto-proxying)
2021-04-25 18:27:42 [main] INFO  o.s.c.s.PostProcessorRegistrationDelegate$BeanPostProcessorChecker - Bean 'securityManager' of type [org.apache.shiro.web.mgt.DefaultWebSecurityManager] is not eligible for getting processed by all BeanPostProcessors (for example: not eligible for auto-proxying)
2021-04-25 18:27:43 [main] INFO  o.s.boot.web.embedded.tomcat.TomcatWebServer - Tomcat initialized with port(s): 80 (http)
2021-04-25 18:27:43 [main] INFO  org.apache.coyote.http11.Http11NioProtocol - Initializing ProtocolHandler ["http-nio-80"]
2021-04-25 18:27:43 [main] INFO  org.apache.catalina.core.StandardService - Starting service [Tomcat]
2021-04-25 18:27:43 [main] INFO  org.apache.catalina.core.StandardEngine - Starting Servlet engine: [Apache Tomcat/9.0.41]
2021-04-25 18:27:43 [main] INFO  org.apache.catalina.core.AprLifecycleListener - Loaded Apache Tomcat Native library [1.2.23] using APR version [1.7.0].
2021-04-25 18:27:43 [main] INFO  org.apache.catalina.core.AprLifecycleListener - APR capabilities: IPv6 [true], sendfile [true], accept filters [false], random [true].
2021-04-25 18:27:43 [main] INFO  org.apache.catalina.core.AprLifecycleListener - APR/OpenSSL configuration: useAprConnector [false], useOpenSSL [true]
2021-04-25 18:27:43 [main] INFO  org.apache.catalina.core.AprLifecycleListener - OpenSSL successfully initialized [OpenSSL 1.1.1c  28 May 2019]
2021-04-25 18:27:43 [main] INFO  o.a.c.core.ContainerBase.[Tomcat].[localhost].[/] - Initializing Spring embedded WebApplicationContext
2021-04-25 18:27:43 [main] INFO  o.s.b.w.s.c.ServletWebServerApplicationContext - Root WebApplicationContext: initialization completed in 1515 ms
2021-04-25 18:27:43 [main] INFO  o.s.scheduling.concurrent.ThreadPoolTaskExecutor - Initializing ExecutorService 'applicationTaskExecutor'
2021-04-25 18:27:43 [main] WARN  o.s.b.w.s.c.AnnotationConfigServletWebServerApplicationContext - Exception encountered during context initialization - cancelling refresh attempt: org.springframework.beans.factory.BeanCreationException: Error creating bean with name 'viewResolver' defined in class path resource [org/springframework/boot/autoconfigure/web/servlet/WebMvcAutoConfiguration$WebMvcAutoConfigurationAdapter.class]: Initialization of bean failed; nested exception is org.springframework.beans.factory.UnsatisfiedDependencyException: Error creating bean with name 'thymeleafViewResolver' defined in class path resource [org/springframework/boot/autoconfigure/thymeleaf/ThymeleafAutoConfiguration$ThymeleafWebMvcConfiguration$ThymeleafViewResolverConfiguration.class]: Unsatisfied dependency expressed through method 'thymeleafViewResolver' parameter 1; nested exception is org.springframework.beans.factory.BeanCreationException: Error creating bean with name 'templateEngine' defined in class path resource [org/springframework/boot/autoconfigure/thymeleaf/ThymeleafAutoConfiguration$ThymeleafDefaultConfiguration.class]: Bean instantiation via factory method failed; nested exception is org.springframework.beans.BeanInstantiationException: Failed to instantiate [org.thymeleaf.spring5.SpringTemplateEngine]: Factory method 'templateEngine' threw exception; nested exception is org.springframework.beans.factory.BeanCreationException: Error creating bean with name 'securityDialect' defined in class path resource [org/springframework/boot/autoconfigure/thymeleaf/ThymeleafAutoConfiguration$ThymeleafSecurityDialectConfiguration.class]: Post-processing of merged bean definition failed; nested exception is java.lang.IllegalStateException: Failed to introspect Class [org.thymeleaf.extras.springsecurity5.dialect.SpringSecurityDialect] from ClassLoader [sun.misc.Launcher$AppClassLoader@18b4aac2]
2021-04-25 18:27:43 [main] INFO  o.s.scheduling.concurrent.ThreadPoolTaskExecutor - Shutting down ExecutorService 'applicationTaskExecutor'
2021-04-25 18:27:43 [main] INFO  org.apache.catalina.core.StandardService - Stopping service [Tomcat]
2021-04-25 18:27:43 [main] INFO  o.s.b.a.l.ConditionEvaluationReportLoggingListener - 

Error starting ApplicationContext. To display the conditions report re-run your application with 'debug' enabled.
2021-04-25 18:28:03 [main] INFO  c.g.c.CurriculumArrangementSystemSpringbootApplication - Starting CurriculumArrangementSystemSpringbootApplication on DESKTOP-89D0D5U with PID 10736 (C:\Users\22413\IdeaProjects\curriculum_arrangement_system_springboot\target\classes started by 22413 in C:\Users\22413\IdeaProjects\curriculum_arrangement_system_springboot)
2021-04-25 18:28:03 [main] INFO  c.g.c.CurriculumArrangementSystemSpringbootApplication - No active profile set, falling back to default profiles: default
2021-04-25 18:28:04 [main] INFO  o.s.c.s.PostProcessorRegistrationDelegate$BeanPostProcessorChecker - Bean 'shiroConfig' of type [com.gyf.shiro.ShiroConfig$$EnhancerBySpringCGLIB$$a8b86f72] is not eligible for getting processed by all BeanPostProcessors (for example: not eligible for auto-proxying)
2021-04-25 18:28:04 [main] INFO  o.s.c.s.PostProcessorRegistrationDelegate$BeanPostProcessorChecker - Bean 'hashedCredentialsMatcher' of type [org.apache.shiro.authc.credential.HashedCredentialsMatcher] is not eligible for getting processed by all BeanPostProcessors (for example: not eligible for auto-proxying)
2021-04-25 18:28:04 [main] INFO  o.s.c.s.PostProcessorRegistrationDelegate$BeanPostProcessorChecker - Bean 'mybatis-plus-com.baomidou.mybatisplus.autoconfigure.MybatisPlusProperties' of type [com.baomidou.mybatisplus.autoconfigure.MybatisPlusProperties] is not eligible for getting processed by all BeanPostProcessors (for example: not eligible for auto-proxying)
2021-04-25 18:28:04 [main] INFO  o.s.c.s.PostProcessorRegistrationDelegate$BeanPostProcessorChecker - Bean 'com.baomidou.mybatisplus.autoconfigure.MybatisPlusAutoConfiguration' of type [com.baomidou.mybatisplus.autoconfigure.MybatisPlusAutoConfiguration$$EnhancerBySpringCGLIB$$49910c38] is not eligible for getting processed by all BeanPostProcessors (for example: not eligible for auto-proxying)
2021-04-25 18:28:04 [main] INFO  o.s.c.s.PostProcessorRegistrationDelegate$BeanPostProcessorChecker - Bean 'org.springframework.boot.autoconfigure.jdbc.DataSourceConfiguration$Hikari' of type [org.springframework.boot.autoconfigure.jdbc.DataSourceConfiguration$Hikari] is not eligible for getting processed by all BeanPostProcessors (for example: not eligible for auto-proxying)
2021-04-25 18:28:04 [main] INFO  o.s.c.s.PostProcessorRegistrationDelegate$BeanPostProcessorChecker - Bean 'spring.datasource-org.springframework.boot.autoconfigure.jdbc.DataSourceProperties' of type [org.springframework.boot.autoconfigure.jdbc.DataSourceProperties] is not eligible for getting processed by all BeanPostProcessors (for example: not eligible for auto-proxying)
2021-04-25 18:28:04 [main] INFO  o.s.c.s.PostProcessorRegistrationDelegate$BeanPostProcessorChecker - Bean 'dataSource' of type [com.zaxxer.hikari.HikariDataSource] is not eligible for getting processed by all BeanPostProcessors (for example: not eligible for auto-proxying)
2021-04-25 18:28:04 [main] INFO  o.s.c.s.PostProcessorRegistrationDelegate$BeanPostProcessorChecker - Bean 'org.springframework.boot.autoconfigure.jdbc.DataSourceInitializerInvoker' of type [org.springframework.boot.autoconfigure.jdbc.DataSourceInitializerInvoker] is not eligible for getting processed by all BeanPostProcessors (for example: not eligible for auto-proxying)
2021-04-25 18:28:04 [main] INFO  o.s.c.s.PostProcessorRegistrationDelegate$BeanPostProcessorChecker - Bean 'sqlSessionFactory' of type [org.apache.ibatis.session.defaults.DefaultSqlSessionFactory] is not eligible for getting processed by all BeanPostProcessors (for example: not eligible for auto-proxying)
2021-04-25 18:28:04 [main] INFO  o.s.c.s.PostProcessorRegistrationDelegate$BeanPostProcessorChecker - Bean 'sqlSessionTemplate' of type [org.mybatis.spring.SqlSessionTemplate] is not eligible for getting processed by all BeanPostProcessors (for example: not eligible for auto-proxying)
2021-04-25 18:28:04 [main] INFO  o.s.c.s.PostProcessorRegistrationDelegate$BeanPostProcessorChecker - Bean 'adminMapper' of type [org.mybatis.spring.mapper.MapperFactoryBean] is not eligible for getting processed by all BeanPostProcessors (for example: not eligible for auto-proxying)
2021-04-25 18:28:04 [main] INFO  o.s.c.s.PostProcessorRegistrationDelegate$BeanPostProcessorChecker - Bean 'adminMapper' of type [com.sun.proxy.$Proxy51] is not eligible for getting processed by all BeanPostProcessors (for example: not eligible for auto-proxying)
2021-04-25 18:28:04 [main] INFO  o.s.c.s.PostProcessorRegistrationDelegate$BeanPostProcessorChecker - Bean 'adminServcieImpl' of type [com.gyf.service.Impl.AdminServcieImpl] is not eligible for getting processed by all BeanPostProcessors (for example: not eligible for auto-proxying)
2021-04-25 18:28:04 [main] INFO  o.s.c.s.PostProcessorRegistrationDelegate$BeanPostProcessorChecker - Bean 'myShiroRealm' of type [com.gyf.shiro.ShiroRealm] is not eligible for getting processed by all BeanPostProcessors (for example: not eligible for auto-proxying)
2021-04-25 18:28:04 [main] INFO  o.s.c.s.PostProcessorRegistrationDelegate$BeanPostProcessorChecker - Bean 'securityManager' of type [org.apache.shiro.web.mgt.DefaultWebSecurityManager] is not eligible for getting processed by all BeanPostProcessors (for example: not eligible for auto-proxying)
2021-04-25 18:28:04 [main] INFO  o.s.boot.web.embedded.tomcat.TomcatWebServer - Tomcat initialized with port(s): 80 (http)
2021-04-25 18:28:04 [main] INFO  org.apache.coyote.http11.Http11NioProtocol - Initializing ProtocolHandler ["http-nio-80"]
2021-04-25 18:28:04 [main] INFO  org.apache.catalina.core.StandardService - Starting service [Tomcat]
2021-04-25 18:28:04 [main] INFO  org.apache.catalina.core.StandardEngine - Starting Servlet engine: [Apache Tomcat/9.0.41]
2021-04-25 18:28:04 [main] INFO  org.apache.catalina.core.AprLifecycleListener - Loaded Apache Tomcat Native library [1.2.23] using APR version [1.7.0].
2021-04-25 18:28:04 [main] INFO  org.apache.catalina.core.AprLifecycleListener - APR capabilities: IPv6 [true], sendfile [true], accept filters [false], random [true].
2021-04-25 18:28:04 [main] INFO  org.apache.catalina.core.AprLifecycleListener - APR/OpenSSL configuration: useAprConnector [false], useOpenSSL [true]
2021-04-25 18:28:04 [main] INFO  org.apache.catalina.core.AprLifecycleListener - OpenSSL successfully initialized [OpenSSL 1.1.1c  28 May 2019]
2021-04-25 18:28:05 [main] INFO  o.a.c.core.ContainerBase.[Tomcat].[localhost].[/] - Initializing Spring embedded WebApplicationContext
2021-04-25 18:28:05 [main] INFO  o.s.b.w.s.c.ServletWebServerApplicationContext - Root WebApplicationContext: initialization completed in 1454 ms
2021-04-25 18:28:05 [main] INFO  o.s.scheduling.concurrent.ThreadPoolTaskExecutor - Initializing ExecutorService 'applicationTaskExecutor'
2021-04-25 18:28:05 [main] INFO  org.apache.coyote.http11.Http11NioProtocol - Starting ProtocolHandler ["http-nio-80"]
2021-04-25 18:28:05 [main] INFO  o.s.boot.web.embedded.tomcat.TomcatWebServer - Tomcat started on port(s): 80 (http) with context path ''
2021-04-25 18:28:05 [main] INFO  c.g.c.CurriculumArrangementSystemSpringbootApplication - Started CurriculumArrangementSystemSpringbootApplication in 2.615 seconds (JVM running for 3.581)
