2021-04-13 16:08:49 [main] INFO  c.g.c.CurriculumArrangementSystemSpringbootApplication - Starting CurriculumArrangementSystemSpringbootApplication on DESKTOP-89D0D5U with PID 10500 (C:\Users\22413\IdeaProjects\curriculum_arrangement_system_springboot\target\classes started by 22413 in C:\Users\22413\IdeaProjects\curriculum_arrangement_system_springboot)
2021-04-13 16:08:49 [main] INFO  c.g.c.CurriculumArrangementSystemSpringbootApplication - No active profile set, falling back to default profiles: default
2021-04-13 16:08:50 [main] INFO  o.s.boot.web.embedded.tomcat.TomcatWebServer - Tomcat initialized with port(s): 8080 (http)
2021-04-13 16:08:50 [main] INFO  org.apache.coyote.http11.Http11NioProtocol - Initializing ProtocolHandler ["http-nio-8080"]
2021-04-13 16:08:50 [main] INFO  org.apache.catalina.core.StandardService - Starting service [Tomcat]
2021-04-13 16:08:50 [main] INFO  org.apache.catalina.core.StandardEngine - Starting Servlet engine: [Apache Tomcat/9.0.41]
2021-04-13 16:08:50 [main] INFO  org.apache.catalina.core.AprLifecycleListener - Loaded Apache Tomcat Native library [1.2.23] using APR version [1.7.0].
2021-04-13 16:08:50 [main] INFO  org.apache.catalina.core.AprLifecycleListener - APR capabilities: IPv6 [true], sendfile [true], accept filters [false], random [true].
2021-04-13 16:08:50 [main] INFO  org.apache.catalina.core.AprLifecycleListener - APR/OpenSSL configuration: useAprConnector [false], useOpenSSL [true]
2021-04-13 16:08:50 [main] INFO  org.apache.catalina.core.AprLifecycleListener - OpenSSL successfully initialized [OpenSSL 1.1.1c  28 May 2019]
2021-04-13 16:08:51 [main] INFO  o.a.c.core.ContainerBase.[Tomcat].[localhost].[/] - Initializing Spring embedded WebApplicationContext
2021-04-13 16:08:51 [main] INFO  o.s.b.w.s.c.ServletWebServerApplicationContext - Root WebApplicationContext: initialization completed in 1500 ms
2021-04-13 16:08:51 [main] INFO  o.s.scheduling.concurrent.ThreadPoolTaskExecutor - Initializing ExecutorService 'applicationTaskExecutor'
2021-04-13 16:08:52 [main] INFO  org.apache.coyote.http11.Http11NioProtocol - Starting ProtocolHandler ["http-nio-8080"]
2021-04-13 16:08:52 [main] INFO  o.s.boot.web.embedded.tomcat.TomcatWebServer - Tomcat started on port(s): 8080 (http) with context path ''
2021-04-13 16:08:52 [main] INFO  c.g.c.CurriculumArrangementSystemSpringbootApplication - Started CurriculumArrangementSystemSpringbootApplication in 3.135 seconds (JVM running for 4.119)
2021-04-13 16:18:32 [http-nio-8080-exec-1] INFO  o.a.c.core.ContainerBase.[Tomcat].[localhost].[/] - Initializing Spring DispatcherServlet 'dispatcherServlet'
2021-04-13 16:18:32 [http-nio-8080-exec-1] INFO  org.springframework.web.servlet.DispatcherServlet - Initializing Servlet 'dispatcherServlet'
2021-04-13 16:18:32 [http-nio-8080-exec-1] INFO  org.springframework.web.servlet.DispatcherServlet - Completed initialization in 3 ms
2021-04-13 16:18:43 [http-nio-8080-exec-4] INFO  com.zaxxer.hikari.HikariDataSource - HikariPool-1 - Starting...
2021-04-13 16:18:45 [http-nio-8080-exec-4] INFO  com.zaxxer.hikari.HikariDataSource - HikariPool-1 - Start completed.
